2024-03-02 16:08:44.199 [info] Using settings sync service https://vscode-sync.trafficmanager.net/
2024-03-02 16:08:44.199 [info] Auto Sync is enabled.
2024-03-02 16:08:44.199 [info] Auto Sync: Suspended until auth token is available.
2024-03-02 16:08:44.837 [info] Auto Sync: Triggered by Interval
2024-03-02 16:08:44.837 [info] Sync started.
2024-03-02 16:08:44.990 [info] Deleting non existing profile from backup /C:/Users/dark-/AppData/Roaming/Code/User/sync/extensions
2024-03-02 16:08:45.048 [info] Deleting non existing profile from backup /C:/Users/dark-/AppData/Roaming/Code/User/sync/globalState
2024-03-02 16:08:45.106 [info] Deleting non existing profile from backup /C:/Users/dark-/AppData/Roaming/Code/User/sync/keybindings
2024-03-02 16:08:45.147 [info] Deleting non existing profile from backup /C:/Users/dark-/AppData/Roaming/Code/User/sync/profiles
2024-03-02 16:08:45.193 [info] Deleting non existing profile from backup /C:/Users/dark-/AppData/Roaming/Code/User/sync/settings
2024-03-02 16:08:45.211 [info] Deleting non existing profile from backup /C:/Users/dark-/AppData/Roaming/Code/User/sync/snippets
2024-03-02 16:08:45.223 [info] Settings: No changes found during synchronizing settings.
2024-03-02 16:08:45.223 [info] Deleting non existing profile from backup /C:/Users/dark-/AppData/Roaming/Code/User/sync/tasks
2024-03-02 16:08:45.268 [info] Keybindings: Last sync resource does not exist locally.
2024-03-02 16:08:45.385 [info] Keybindings: No changes found during synchronizing keybindings.
2024-03-02 16:08:45.412 [info] Snippets: Last sync resource does not exist locally.
2024-03-02 16:08:45.530 [info] Snippets: No changes found during synchronizing snippets.
2024-03-02 16:08:45.561 [info] Tasks: Last sync resource does not exist locally.
2024-03-02 16:08:45.688 [info] Tasks: No changes found during synchronizing tasks.
2024-03-02 16:08:45.701 [info] GlobalState: Last sync resource does not exist locally.
2024-03-02 16:08:45.758 [info] GlobalState: No changes found during synchronizing ui state.
2024-03-02 16:08:45.759 [info] Extensions: Last sync resource does not exist locally.
2024-03-02 16:08:45.872 [info] Extensions: No changes found during synchronizing extensions.
2024-03-02 16:08:45.873 [info] Profiles: Last sync resource does not exist locally.
2024-03-02 16:08:45.938 [info] Profiles: No changes found during synchronizing profiles.
2024-03-02 16:08:45.939 [info] Sync done. Took 1103ms
